2015-11-18 20:35:36,241 [main] FATAL ui.AVRSim - Encountered fatal error...
parse.ParseException: [47,5] Fatal parsing error
	at parse.sim_inst.report_fatal_error(sim_inst.java:616)
	at parse.sim_inst.unrecovered_syntax_error(sim_inst.java:607)
	at java_cup.runtime.lr_parser.parse(lr_parser.java:616)
	at parse.ReadAssem.getProgram(ReadAssem.java:37)
	at ui.AVRSim.loadAssemFile(AVRSim.java:67)
	at ui.AVRSim.run(AVRSim.java:76)
	at ui.Main.main(Main.java:134)
	at sun.reflect.NativeMethodAccessorImpl.invoke0(Native Method)
	at sun.reflect.NativeMethodAccessorImpl.invoke(NativeMethodAccessorImpl.java:57)
	at sun.reflect.DelegatingMethodAccessorImpl.invoke(DelegatingMethodAccessorImpl.java:43)
	at java.lang.reflect.Method.invoke(Method.java:606)
	at com.simontuffs.onejar.Boot.run(Boot.java:340)
	at com.simontuffs.onejar.Boot.main(Boot.java:166)
2015-11-18 20:37:21,256 [main] FATAL ui.AVRSim - Encountered fatal error...
parse.ParseException: [47,5] Fatal parsing error
	at parse.sim_inst.report_fatal_error(sim_inst.java:616)
	at parse.sim_inst.unrecovered_syntax_error(sim_inst.java:607)
	at java_cup.runtime.lr_parser.parse(lr_parser.java:616)
	at parse.ReadAssem.getProgram(ReadAssem.java:37)
	at ui.AVRSim.loadAssemFile(AVRSim.java:67)
	at ui.AVRSim.run(AVRSim.java:76)
	at ui.Main.main(Main.java:134)
	at sun.reflect.NativeMethodAccessorImpl.invoke0(Native Method)
	at sun.reflect.NativeMethodAccessorImpl.invoke(NativeMethodAccessorImpl.java:57)
	at sun.reflect.DelegatingMethodAccessorImpl.invoke(DelegatingMethodAccessorImpl.java:43)
	at java.lang.reflect.Method.invoke(Method.java:606)
	at com.simontuffs.onejar.Boot.run(Boot.java:340)
	at com.simontuffs.onejar.Boot.main(Boot.java:166)
2015-11-18 20:37:27,360 [main] FATAL ui.AVRSim - Encountered fatal error...
parse.ParseException: [47,5] Fatal parsing error
	at parse.sim_inst.report_fatal_error(sim_inst.java:616)
	at parse.sim_inst.unrecovered_syntax_error(sim_inst.java:607)
	at java_cup.runtime.lr_parser.parse(lr_parser.java:616)
	at parse.ReadAssem.getProgram(ReadAssem.java:37)
	at ui.AVRSim.loadAssemFile(AVRSim.java:67)
	at ui.AVRSim.run(AVRSim.java:76)
	at ui.Main.main(Main.java:134)
	at sun.reflect.NativeMethodAccessorImpl.invoke0(Native Method)
	at sun.reflect.NativeMethodAccessorImpl.invoke(NativeMethodAccessorImpl.java:57)
	at sun.reflect.DelegatingMethodAccessorImpl.invoke(DelegatingMethodAccessorImpl.java:43)
	at java.lang.reflect.Method.invoke(Method.java:606)
	at com.simontuffs.onejar.Boot.run(Boot.java:340)
	at com.simontuffs.onejar.Boot.main(Boot.java:166)
2015-11-18 20:43:28,660 [main] FATAL ui.AVRSim - Encountered fatal error...
parse.ParseException: [47,5] Fatal parsing error
	at parse.sim_inst.report_fatal_error(sim_inst.java:616)
	at parse.sim_inst.unrecovered_syntax_error(sim_inst.java:607)
	at java_cup.runtime.lr_parser.parse(lr_parser.java:616)
	at parse.ReadAssem.getProgram(ReadAssem.java:37)
	at ui.AVRSim.loadAssemFile(AVRSim.java:67)
	at ui.AVRSim.run(AVRSim.java:76)
	at ui.Main.main(Main.java:134)
	at sun.reflect.NativeMethodAccessorImpl.invoke0(Native Method)
	at sun.reflect.NativeMethodAccessorImpl.invoke(NativeMethodAccessorImpl.java:57)
	at sun.reflect.DelegatingMethodAccessorImpl.invoke(DelegatingMethodAccessorImpl.java:43)
	at java.lang.reflect.Method.invoke(Method.java:606)
	at com.simontuffs.onejar.Boot.run(Boot.java:340)
	at com.simontuffs.onejar.Boot.main(Boot.java:166)
2015-11-18 21:02:32,835 [main] FATAL ui.AVRSim - Encountered error during runtime.
instructions.RuntimeError: Could not find function call run
	at instructions.InstrCall.execute(InstrCall.java:49)
	at instructions.Instr.executeWrapper(Instr.java:43)
	at machine.MachineState.executeInstruction(MachineState.java:321)
	at ui.AVRSim.runAssem(AVRSim.java:97)
	at ui.AVRSim.run(AVRSim.java:82)
	at ui.Main.main(Main.java:134)
	at sun.reflect.NativeMethodAccessorImpl.invoke0(Native Method)
	at sun.reflect.NativeMethodAccessorImpl.invoke(NativeMethodAccessorImpl.java:57)
	at sun.reflect.DelegatingMethodAccessorImpl.invoke(DelegatingMethodAccessorImpl.java:43)
	at java.lang.reflect.Method.invoke(Method.java:606)
	at com.simontuffs.onejar.Boot.run(Boot.java:340)
	at com.simontuffs.onejar.Boot.main(Boot.java:166)
2015-11-18 21:02:55,699 [main] FATAL ui.AVRSim - Encountered error during runtime.
instructions.RuntimeError: Could not find function call bluedot
	at instructions.InstrCall.execute(InstrCall.java:49)
	at instructions.Instr.executeWrapper(Instr.java:43)
	at machine.MachineState.executeInstruction(MachineState.java:321)
	at ui.AVRSim.runAssem(AVRSim.java:97)
	at ui.AVRSim.run(AVRSim.java:82)
	at ui.Main.main(Main.java:134)
	at sun.reflect.NativeMethodAccessorImpl.invoke0(Native Method)
	at sun.reflect.NativeMethodAccessorImpl.invoke(NativeMethodAccessorImpl.java:57)
	at sun.reflect.DelegatingMethodAccessorImpl.invoke(DelegatingMethodAccessorImpl.java:43)
	at java.lang.reflect.Method.invoke(Method.java:606)
	at com.simontuffs.onejar.Boot.run(Boot.java:340)
	at com.simontuffs.onejar.Boot.main(Boot.java:166)
2015-11-18 21:47:04,885 [main] FATAL ui.AVRSim - Encountered error during runtime.
instructions.RuntimeError: Could not find function call bluedot
	at instructions.InstrCall.execute(InstrCall.java:49)
	at instructions.Instr.executeWrapper(Instr.java:43)
	at machine.MachineState.executeInstruction(MachineState.java:321)
	at ui.AVRSim.runAssem(AVRSim.java:97)
	at ui.AVRSim.run(AVRSim.java:82)
	at ui.Main.main(Main.java:134)
	at sun.reflect.NativeMethodAccessorImpl.invoke0(Native Method)
	at sun.reflect.NativeMethodAccessorImpl.invoke(NativeMethodAccessorImpl.java:57)
	at sun.reflect.DelegatingMethodAccessorImpl.invoke(DelegatingMethodAccessorImpl.java:43)
	at java.lang.reflect.Method.invoke(Method.java:606)
	at com.simontuffs.onejar.Boot.run(Boot.java:340)
	at com.simontuffs.onejar.Boot.main(Boot.java:166)
2015-11-18 21:54:05,205 [main] FATAL ui.AVRSim - Encountered error during runtime.
instructions.RuntimeError: Could not find function call bluedot
	at instructions.InstrCall.execute(InstrCall.java:49)
	at instructions.Instr.executeWrapper(Instr.java:43)
	at machine.MachineState.executeInstruction(MachineState.java:321)
	at ui.AVRSim.runAssem(AVRSim.java:97)
	at ui.AVRSim.run(AVRSim.java:82)
	at ui.Main.main(Main.java:134)
	at sun.reflect.NativeMethodAccessorImpl.invoke0(Native Method)
	at sun.reflect.NativeMethodAccessorImpl.invoke(NativeMethodAccessorImpl.java:57)
	at sun.reflect.DelegatingMethodAccessorImpl.invoke(DelegatingMethodAccessorImpl.java:43)
	at java.lang.reflect.Method.invoke(Method.java:606)
	at com.simontuffs.onejar.Boot.run(Boot.java:340)
	at com.simontuffs.onejar.Boot.main(Boot.java:166)
2015-11-18 22:01:16,662 [main] FATAL ui.AVRSim - Encountered error during runtime.
instructions.RuntimeError: Could not find function call bluedot
	at instructions.InstrCall.execute(InstrCall.java:49)
	at instructions.Instr.executeWrapper(Instr.java:43)
	at machine.MachineState.executeInstruction(MachineState.java:321)
	at ui.AVRSim.runAssem(AVRSim.java:97)
	at ui.AVRSim.run(AVRSim.java:82)
	at ui.Main.main(Main.java:134)
	at sun.reflect.NativeMethodAccessorImpl.invoke0(Native Method)
	at sun.reflect.NativeMethodAccessorImpl.invoke(NativeMethodAccessorImpl.java:57)
	at sun.reflect.DelegatingMethodAccessorImpl.invoke(DelegatingMethodAccessorImpl.java:43)
	at java.lang.reflect.Method.invoke(Method.java:606)
	at com.simontuffs.onejar.Boot.run(Boot.java:340)
	at com.simontuffs.onejar.Boot.main(Boot.java:166)
2015-11-18 22:14:10,140 [main] FATAL ui.AVRSim - Encountered fatal error...
java.lang.ClassCastException: instructions.InstrIn cannot be cast to java.util.List
	at parse.ReadAssem.getProgram(ReadAssem.java:37)
	at ui.AVRSim.loadAssemFile(AVRSim.java:67)
	at ui.AVRSim.run(AVRSim.java:76)
	at ui.Main.main(Main.java:134)
	at sun.reflect.NativeMethodAccessorImpl.invoke0(Native Method)
	at sun.reflect.NativeMethodAccessorImpl.invoke(NativeMethodAccessorImpl.java:57)
	at sun.reflect.DelegatingMethodAccessorImpl.invoke(DelegatingMethodAccessorImpl.java:43)
	at java.lang.reflect.Method.invoke(Method.java:606)
	at com.simontuffs.onejar.Boot.run(Boot.java:340)
	at com.simontuffs.onejar.Boot.main(Boot.java:166)
2015-11-18 22:19:50,194 [main] FATAL ui.AVRSim - Encountered error during runtime.
instructions.RuntimeError: Hit max number of jumps for label: endLabel:
	at machine.MachineState.executeInstruction(MachineState.java:310)
	at ui.AVRSim.runAssem(AVRSim.java:97)
	at ui.AVRSim.run(AVRSim.java:82)
	at ui.Main.main(Main.java:134)
	at sun.reflect.NativeMethodAccessorImpl.invoke0(Native Method)
	at sun.reflect.NativeMethodAccessorImpl.invoke(NativeMethodAccessorImpl.java:57)
	at sun.reflect.DelegatingMethodAccessorImpl.invoke(DelegatingMethodAccessorImpl.java:43)
	at java.lang.reflect.Method.invoke(Method.java:606)
	at com.simontuffs.onejar.Boot.run(Boot.java:340)
	at com.simontuffs.onejar.Boot.main(Boot.java:166)
